#
# There is insufficient memory for the Java Runtime Environment to continue.
# Native memory allocation (mmap) failed to map 65536 bytes for Failed to commit metaspace.
# Possible reasons:
#   The system is out of physical RAM or swap space
#   The process is running with CompressedOops enabled, and the Java Heap may be blocking the growth of the native heap
# Possible solutions:
#   Reduce memory load on the system
#   Increase physical memory or swap space
#   Check if swap backing store is full
#   Decrease Java heap size (-Xmx/-Xms)
#   Decrease number of Java threads
#   Decrease Java thread stack sizes (-Xss)
#   Set larger code cache with -XX:ReservedCodeCacheSize=
#   JVM is running with Unscaled Compressed Oops mode in which the Java heap is
#     placed in the first 4GB address space. The Java Heap base address is the
#     maximum limit for the native heap growth. Please use -XX:HeapBaseMinAddress
#     to set the Java Heap base and to place the Java Heap above 4GB virtual address.
# This output file may be truncated or incomplete.
#
#  Out of Memory Error (virtualSpaceNode.cpp:110), pid=43068, tid=47136
#
# JRE version: OpenJDK Runtime Environment Temurin-17.0.5+8 (17.0.5+8) (build 17.0.5+8)
# Java VM: OpenJDK 64-Bit Server VM Temurin-17.0.5+8 (17.0.5+8, mixed mode, emulated-client, tiered, compressed oops, compressed class ptrs, g1 gc, windows-amd64)
# No core dump will be written. Minidumps are not enabled by default on client versions of Windows
#

---------------  S U M M A R Y ------------

Command Line: -Dcom.sun.management.jmxremote -Dcom.sun.management.jmxremote.port=63334 -Dcom.sun.management.jmxremote.authenticate=false -Dcom.sun.management.jmxremote.ssl=false -Djava.rmi.server.hostname=localhost -Dspring.jmx.enabled=true -Dmanagement.endpoints.jmx.exposure.include=* -Dspring.application.admin.enabled=true -XX:TieredStopAtLevel=1 -Dspring.boot.project.name=workshopmongo -Dfile.encoding=UTF-8 -XX:+ShowCodeDetailsInExceptionMessages com.diegoloreran.workshopmongo.WorkshopmongoApplication --spring.output.ansi.enabled=always

Host: Intel(R) Core(TM) i3-7020U CPU @ 2.30GHz, 4 cores, 3G,  Windows 10 , 64 bit Build 19041 (10.0.19041.2364)
Time: Tue Jan  3 14:36:00 2023 Hora oficial do Brasil elapsed time: 10.703177 seconds (0d 0h 0m 10s)

---------------  T H R E A D  ---------------

Current thread (0x00000139fe80bf20):  JavaThread "main" [_thread_in_vm, id=47136, stack(0x0000000100600000,0x0000000100700000)]

Stack: [0x0000000100600000,0x0000000100700000]
Native frames: (J=compiled Java code, j=interpreted, Vv=VM code, C=native code)
V  [jvm.dll+0x676b3a]
V  [jvm.dll+0x831444]
V  [jvm.dll+0x832bee]
V  [jvm.dll+0x833253]
V  [jvm.dll+0x244ce5]
V  [jvm.dll+0x82d4db]
V  [jvm.dll+0x61b2f6]
V  [jvm.dll+0x1bfd2e]
V  [jvm.dll+0x61dc41]
V  [jvm.dll+0x61bc96]
V  [jvm.dll+0x23937f]
V  [jvm.dll+0x625af5]
V  [jvm.dll+0x1e99bb]
V  [jvm.dll+0x1e9ef5]
V  [jvm.dll+0x1ea92f]
V  [jvm.dll+0x1dfdd1]
V  [jvm.dll+0x53be30]
V  [jvm.dll+0x7ac5a8]
V  [jvm.dll+0x7ac694]
V  [jvm.dll+0x40ba25]
V  [jvm.dll+0x411bb8]
C  [java.dll+0x17ec]

Java frames: (J=compiled Java code, j=interpreted, Vv=VM code)
J 1196  java.lang.ClassLoader.defineClass1(Ljava/lang/ClassLoader;Ljava/lang/String;[BIILjava/security/ProtectionDomain;Ljava/lang/String;)Ljava/lang/Class; java.base@17.0.5 (0 bytes) @ 0x0000013984d497e3 [0x0000013984d49720+0x00000000000000c3]
J 1224 c1 java.lang.ClassLoader.defineClass(Ljava/lang/String;[BIILjava/security/ProtectionDomain;)Ljava/lang/Class; java.base@17.0.5 (43 bytes) @ 0x0000013984d56e5c [0x0000013984d56d60+0x00000000000000fc]
J 1228 c1 jdk.internal.loader.BuiltinClassLoader.defineClass(Ljava/lang/String;Ljdk/internal/loader/Resource;)Ljava/lang/Class; java.base@17.0.5 (121 bytes) @ 0x0000013984d595e4 [0x0000013984d59120+0x00000000000004c4]
J 1210 c1 jdk.internal.loader.BuiltinClassLoader.findClassOnClassPathOrNull(Ljava/lang/String;)Ljava/lang/Class; java.base@17.0.5 (64 bytes) @ 0x0000013984d501b4 [0x0000013984d4ff00+0x00000000000002b4]
J 958 c1 jdk.internal.loader.BuiltinClassLoader.loadClassOrNull(Ljava/lang/String;Z)Ljava/lang/Class; java.base@17.0.5 (143 bytes) @ 0x0000013984ce785c [0x0000013984ce7400+0x000000000000045c]
J 1091 c1 jdk.internal.loader.ClassLoaders$AppClassLoader.loadClass(Ljava/lang/String;Z)Ljava/lang/Class; java.base@17.0.5 (40 bytes) @ 0x0000013984d205a4 [0x0000013984d20460+0x0000000000000144]
J 1085 c1 java.lang.ClassLoader.loadClass(Ljava/lang/String;)Ljava/lang/Class; java.base@17.0.5 (7 bytes) @ 0x0000013984d1ed64 [0x0000013984d1ed20+0x0000000000000044]
v  ~StubRoutines::call_stub
j  org.springframework.data.mongodb.core.convert.MongoCustomConversions.<clinit>()V+45
v  ~StubRoutines::call_stub
j  org.springframework.boot.autoconfigure.data.mongo.MongoDataConfiguration.mongoCustomConversions()Lorg/springframework/data/mongodb/core/convert/MongoCustomConversions;+0
v  ~StubRoutines::call_stub
j  jdk.internal.reflect.NativeMethodAccessorImpl.invoke0(Ljava/lang/reflect/Method;Ljava/lang/Object;[Ljava/lang/Object;)Ljava/lang/Object;+0 java.base@17.0.5
j  jdk.internal.reflect.NativeMethodAccessorImpl.invoke(Ljava/lang/Object;[Ljava/lang/Object;)Ljava/lang/Object;+133 java.base@17.0.5
j  jdk.internal.reflect.DelegatingMethodAccessorImpl.invoke(Ljava/lang/Object;[Ljava/lang/Object;)Ljava/lang/Object;+6 java.base@17.0.5
j  java.lang.reflect.Method.invoke(Ljava/lang/Object;[Ljava/lang/Object;)Ljava/lang/Object;+59 java.base@17.0.5
j  org.springframework.beans.factory.support.SimpleInstantiationStrategy.instantiate(Lorg/springframework/beans/factory/support/RootBeanDefinition;Ljava/lang/String;Lorg/springframework/beans/factory/BeanFactory;Ljava/lang/Object;Ljava/lang/reflect/Method;[Ljava/lang/Object;)Ljava/lang/Object;+30
j  org.springframework.beans.factory.support.ConstructorResolver.instantiate(Ljava/lang/String;Lorg/springframework/beans/factory/support/RootBeanDefinition;Ljava/lang/Object;Ljava/lang/reflect/Method;[Ljava/lang/Object;)Ljava/lang/Object;+18
j  org.springframework.beans.factory.support.ConstructorResolver.instantiateUsingFactoryMethod(Ljava/lang/String;Lorg/springframework/beans/factory/support/RootBeanDefinition;[Ljava/lang/Object;)Lorg/springframework/beans/BeanWrapper;+491
j  org.springframework.beans.factory.support.AbstractAutowireCapableBeanFactory.instantiateUsingFactoryMethod(Ljava/lang/String;Lorg/springframework/beans/factory/support/RootBeanDefinition;[Ljava/lang/Object;)Lorg/springframework/beans/BeanWrapper;+11
j  org.springframework.beans.factory.support.AbstractAutowireCapableBeanFactory.createBeanInstance(Ljava/lang/String;Lorg/springframework/beans/factory/support/RootBeanDefinition;[Ljava/lang/Object;)Lorg/springframework/beans/BeanWrapper;+88
j  org.springframework.beans.factory.support.AbstractAutowireCapableBeanFactory.doCreateBean(Ljava/lang/String;Lorg/springframework/beans/factory/support/RootBeanDefinition;[Ljava/lang/Object;)Ljava/lang/Object;+34
j  org.springframework.beans.factory.support.AbstractAutowireCapableBeanFactory.createBean(Ljava/lang/String;Lorg/springframework/beans/factory/support/RootBeanDefinition;[Ljava/lang/Object;)Ljava/lang/Object;+153
j  org.springframework.beans.factory.support.AbstractBeanFactory.lambda$doGetBean$0(Ljava/lang/String;Lorg/springframework/beans/factory/support/RootBeanDefinition;[Ljava/lang/Object;)Ljava/lang/Object;+4
j  org.springframework.beans.factory.support.AbstractBeanFactory$$Lambda$331+0x000001398bed8d68.getObject()Ljava/lang/Object;+16
j  org.springframework.beans.factory.support.DefaultSingletonBeanRegistry.getSingleton(Ljava/lang/String;Lorg/springframework/beans/factory/ObjectFactory;)Ljava/lang/Object;+114
J 2881 c1 org.springframework.beans.factory.support.AbstractBeanFactory.doGetBean(Ljava/lang/String;Ljava/lang/Class;[Ljava/lang/Object;Z)Ljava/lang/Object; (714 bytes) @ 0x0000013984ffff84 [0x0000013984fff9c0+0x00000000000005c4]
j  org.springframework.beans.factory.support.AbstractBeanFactory.getBean(Ljava/lang/String;)Ljava/lang/Object;+5
j  org.springframework.beans.factory.config.DependencyDescriptor.resolveCandidate(Ljava/lang/String;Ljava/lang/Class;Lorg/springframework/beans/factory/BeanFactory;)Ljava/lang/Object;+2
j  org.springframework.beans.factory.support.DefaultListableBeanFactory.doResolveDependency(Lorg/springframework/beans/factory/config/DependencyDescriptor;Ljava/lang/String;Ljava/util/Set;Lorg/springframework/beans/TypeConverter;)Ljava/lang/Object;+444
j  org.springframework.beans.factory.support.DefaultListableBeanFactory.resolveDependency(Lorg/springframework/beans/factory/config/DependencyDescriptor;Ljava/lang/String;Ljava/util/Set;Lorg/springframework/beans/TypeConverter;)Ljava/lang/Object;+107
j  org.springframework.beans.factory.support.ConstructorResolver.resolveAutowiredArgument(Lorg/springframework/core/MethodParameter;Ljava/lang/String;Ljava/util/Set;Lorg/springframework/beans/TypeConverter;Z)Ljava/lang/Object;+67
j  org.springframework.beans.factory.support.ConstructorResolver.createArgumentArray(Ljava/lang/String;Lorg/springframework/beans/factory/support/RootBeanDefinition;Lorg/springframework/beans/factory/config/ConstructorArgumentValues;Lorg/springframework/beans/BeanWrapper;[Ljava/lang/Class;[Ljava/lang/String;Ljava/lang/reflect/Executable;ZZ)Lorg/springframework/beans/factory/support/ConstructorResolver$ArgumentsHolder;+388
j  org.springframework.beans.factory.support.ConstructorResolver.instantiateUsingFactoryMethod(Ljava/lang/String;Lorg/springframework/beans/factory/support/RootBeanDefinition;[Ljava/lang/Object;)Lorg/springframework/beans/BeanWrapper;+754
j  org.springframework.beans.factory.support.AbstractAutowireCapableBeanFactory.instantiateUsingFactoryMethod(Ljava/lang/String;Lorg/springframework/beans/factory/support/RootBeanDefinition;[Ljava/lang/Object;)Lorg/springframework/beans/BeanWrapper;+11
j  org.springframework.beans.factory.support.AbstractAutowireCapableBeanFactory.createBeanInstance(Ljava/lang/String;Lorg/springframework/beans/factory/support/RootBeanDefinition;[Ljava/lang/Object;)Lorg/springframework/beans/BeanWrapper;+88
j  org.springframework.beans.factory.support.AbstractAutowireCapableBeanFactory.doCreateBean(Ljava/lang/String;Lorg/springframework/beans/factory/support/RootBeanDefinition;[Ljava/lang/Object;)Ljava/lang/Object;+34
j  org.springframework.beans.factory.support.AbstractAutowireCapableBeanFactory.createBean(Ljava/lang/String;Lorg/springframework/beans/factory/support/RootBeanDefinition;[Ljava/lang/Object;)Ljava/lang/Object;+153
j  org.springframework.beans.factory.support.AbstractBeanFactory.lambda$doGetBean$0(Ljava/lang/String;Lorg/springframework/beans/factory/support/RootBeanDefinition;[Ljava/lang/Object;)Ljava/lang/Object;+4
j  org.springframework.beans.factory.support.AbstractBeanFactory$$Lambda$331+0x000001398bed8d68.getObject()Ljava/lang/Object;+16
j  org.springframework.beans.factory.support.DefaultSingletonBeanRegistry.getSingleton(Ljava/lang/String;Lorg/springframework/beans/factory/ObjectFactory;)Ljava/lang/Object;+114
J 2881 c1 org.springframework.beans.factory.support.AbstractBeanFactory.doGetBean(Ljava/lang/String;Ljava/lang/Class;[Ljava/lang/Object;Z)Ljava/lang/Object; (714 bytes) @ 0x0000013984ffff84 [0x0000013984fff9c0+0x00000000000005c4]
j  org.springframework.beans.factory.support.AbstractBeanFactory.getBean(Ljava/lang/String;)Ljava/lang/Object;+5
j  org.springframework.beans.factory.config.DependencyDescriptor.resolveCandidate(Ljava/lang/String;Ljava/lang/Class;Lorg/springframework/beans/factory/BeanFactory;)Ljava/lang/Object;+2
j  org.springframework.beans.factory.support.DefaultListableBeanFactory.doResolveDependency(Lorg/springframework/beans/factory/config/DependencyDescriptor;Ljava/lang/String;Ljava/util/Set;Lorg/springframework/beans/TypeConverter;)Ljava/lang/Object;+444
j  org.springframework.beans.factory.support.DefaultListableBeanFactory.resolveDependency(Lorg/springframework/beans/factory/config/DependencyDescriptor;Ljava/lang/String;Ljava/util/Set;Lorg/springframework/beans/TypeConverter;)Ljava/lang/Object;+107
j  org.springframework.beans.factory.support.ConstructorResolver.resolveAutowiredArgument(Lorg/springframework/core/MethodParameter;Ljava/lang/String;Ljava/util/Set;Lorg/springframework/beans/TypeConverter;Z)Ljava/lang/Object;+67
j  org.springframework.beans.factory.support.ConstructorResolver.createArgumentArray(Ljava/lang/String;Lorg/springframework/beans/factory/support/RootBeanDefinition;Lorg/springframework/beans/factory/config/ConstructorArgumentValues;Lorg/springframework/beans/BeanWrapper;[Ljava/lang/Class;[Ljava/lang/String;Ljava/lang/reflect/Executable;ZZ)Lorg/springframework/beans/factory/support/ConstructorResolver$ArgumentsHolder;+388
j  org.springframework.beans.factory.support.ConstructorResolver.instantiateUsingFactoryMethod(Ljava/lang/String;Lorg/springframework/beans/factory/support/RootBeanDefinition;[Ljava/lang/Object;)Lorg/springframework/beans/BeanWrapper;+754
j  org.springframework.beans.factory.support.AbstractAutowireCapableBeanFactory.instantiateUsingFactoryMethod(Ljava/lang/String;Lorg/springframework/beans/factory/support/RootBeanDefinition;[Ljava/lang/Object;)Lorg/springframework/beans/BeanWrapper;+11
j  org.springframework.beans.factory.support.AbstractAutowireCapableBeanFactory.createBeanInstance(Ljava/lang/String;Lorg/springframework/beans/factory/support/RootBeanDefinition;[Ljava/lang/Object;)Lorg/springframework/beans/BeanWrapper;+88
j  org.springframework.beans.factory.support.AbstractAutowireCapableBeanFactory.doCreateBean(Ljava/lang/String;Lorg/springframework/beans/factory/support/RootBeanDefinition;[Ljava/lang/Object;)Ljava/lang/Object;+34
j  org.springframework.beans.factory.support.AbstractAutowireCapableBeanFactory.createBean(Ljava/lang/String;Lorg/springframework/beans/factory/support/RootBeanDefinition;[Ljava/lang/Object;)Ljava/lang/Object;+153
j  org.springframework.beans.factory.support.AbstractBeanFactory.lambda$doGetBean$0(Ljava/lang/String;Lorg/springframework/beans/factory/support/RootBeanDefinition;[Ljava/lang/Object;)Ljava/lang/Object;+4
j  org.springframework.beans.factory.support.AbstractBeanFactory$$Lambda$331+0x000001398bed8d68.getObject()Ljava/lang/Object;+16
j  org.springframework.beans.factory.support.DefaultSingletonBeanRegistry.getSingleton(Ljava/lang/String;Lorg/springframework/beans/factory/ObjectFactory;)Ljava/lang/Object;+114
J 2881 c1 org.springframework.beans.factory.support.AbstractBeanFactory.doGetBean(Ljava/lang/String;Ljava/lang/Class;[Ljava/lang/Object;Z)Ljava/lang/Object; (714 bytes) @ 0x0000013984ffff84 [0x0000013984fff9c0+0x00000000000005c4]
j  org.springframework.beans.factory.support.AbstractBeanFactory.getBean(Ljava/lang/String;)Ljava/lang/Object;+5
j  org.springframework.beans.factory.config.DependencyDescriptor.resolveCandidate(Ljava/lang/String;Ljava/lang/Class;Lorg/springframework/beans/factory/BeanFactory;)Ljava/lang/Object;+2
j  org.springframework.beans.factory.support.DefaultListableBeanFactory.doResolveDependency(Lorg/springframework/beans/factory/config/DependencyDescriptor;Ljava/lang/String;Ljava/util/Set;Lorg/springframework/beans/TypeConverter;)Ljava/lang/Object;+444
j  org.springframework.beans.factory.support.DefaultListableBeanFactory.resolveDependency(Lorg/springframework/beans/factory/config/DependencyDescriptor;Ljava/lang/String;Ljava/util/Set;Lorg/springframework/beans/TypeConverter;)Ljava/lang/Object;+107
j  org.springframework.beans.factory.support.ConstructorResolver.resolveAutowiredArgument(Lorg/springframework/core/MethodParameter;Ljava/lang/String;Ljava/util/Set;Lorg/springframework/beans/TypeConverter;Z)Ljava/lang/Object;+67
j  org.springframework.beans.factory.support.ConstructorResolver.createArgumentArray(Ljava/lang/String;Lorg/springframework/beans/factory/support/RootBeanDefinition;Lorg/springframework/beans/factory/config/ConstructorArgumentValues;Lorg/springframework/beans/BeanWrapper;[Ljava/lang/Class;[Ljava/lang/String;Ljava/lang/reflect/Executable;ZZ)Lorg/springframework/beans/factory/support/ConstructorResolver$ArgumentsHolder;+388
j  org.springframework.beans.factory.support.ConstructorResolver.instantiateUsingFactoryMethod(Ljava/lang/String;Lorg/springframework/beans/factory/support/RootBeanDefinition;[Ljava/lang/Object;)Lorg/springframework/beans/BeanWrapper;+754
j  org.springframework.beans.factory.support.AbstractAutowireCapableBeanFactory.instantiateUsingFactoryMethod(Ljava/lang/String;Lorg/springframework/beans/factory/support/RootBeanDefinition;[Ljava/lang/Object;)Lorg/springframework/beans/BeanWrapper;+11
j  org.springframework.beans.factory.support.AbstractAutowireCapableBeanFactory.createBeanInstance(Ljava/lang/String;Lorg/springframework/beans/factory/support/RootBeanDefinition;[Ljava/lang/Object;)Lorg/springframework/beans/BeanWrapper;+88
j  org.springframework.beans.factory.support.AbstractAutowireCapableBeanFactory.doCreateBean(Ljava/lang/String;Lorg/springframework/beans/factory/support/RootBeanDefinition;[Ljava/lang/Object;)Ljava/lang/Object;+34
j  org.springframework.beans.factory.support.AbstractAutowireCapableBeanFactory.createBean(Ljava/lang/String;Lorg/springframework/beans/factory/support/RootBeanDefinition;[Ljava/lang/Object;)Ljava/lang/Object;+153
j  org.springframework.beans.factory.support.AbstractBeanFactory.lambda$doGetBean$0(Ljava/lang/String;Lorg/springframework/beans/factory/support/RootBeanDefinition;[Ljava/lang/Object;)Ljava/lang/Object;+4
j  org.springframework.beans.factory.support.AbstractBeanFactory$$Lambda$331+0x000001398bed8d68.getObject()Ljava/lang/Object;+16
j  org.springframework.beans.factory.support.DefaultSingletonBeanRegistry.getSingleton(Ljava/lang/String;Lorg/springframework/beans/factory/ObjectFactory;)Ljava/lang/Object;+114
J 2881 c1 org.springframework.beans.factory.support.AbstractBeanFactory.doGetBean(Ljava/lang/String;Ljava/lang/Class;[Ljava/lang/Object;Z)Ljava/lang/Object; (714 bytes) @ 0x0000013984ffff84 [0x0000013984fff9c0+0x00000000000005c4]
j  org.springframework.beans.factory.support.AbstractBeanFactory.getBean(Ljava/lang/String;)Ljava/lang/Object;+5
j  org.springframework.beans.factory.support.BeanDefinitionValueResolver.resolveReference(Ljava/lang/Object;Lorg/springframework/beans/factory/config/RuntimeBeanReference;)Ljava/lang/Object;+145
j  org.springframework.beans.factory.support.BeanDefinitionValueResolver.resolveValueIfNecessary(Ljava/lang/Object;Ljava/lang/Object;)Ljava/lang/Object;+15
j  org.springframework.beans.factory.support.AbstractAutowireCapableBeanFactory.applyPropertyValues(Ljava/lang/String;Lorg/springframework/beans/factory/config/BeanDefinition;Lorg/springframework/beans/BeanWrapper;Lorg/springframework/beans/PropertyValues;)V+270
j  org.springframework.beans.factory.support.AbstractAutowireCapableBeanFactory.populateBean(Ljava/lang/String;Lorg/springframework/beans/factory/support/RootBeanDefinition;Lorg/springframework/beans/BeanWrapper;)V+315
j  org.springframework.beans.factory.support.AbstractAutowireCapableBeanFactory.doCreateBean(Ljava/lang/String;Lorg/springframework/beans/factory/support/RootBeanDefinition;[Ljava/lang/Object;)Ljava/lang/Object;+220
j  org.springframework.beans.factory.support.AbstractAutowireCapableBeanFactory.createBean(Ljava/lang/String;Lorg/springframework/beans/factory/support/RootBeanDefinition;[Ljava/lang/Object;)Ljava/lang/Object;+153
j  org.springframework.beans.factory.support.AbstractBeanFactory.lambda$doGetBean$0(Ljava/lang/String;Lorg/springframework/beans/factory/support/RootBeanDefinition;[Ljava/lang/Object;)Ljava/lang/Object;+4
j  org.springframework.beans.factory.support.AbstractBeanFactory$$Lambda$331+0x000001398bed8d68.getObject()Ljava/lang/Object;+16
j  org.springframework.beans.factory.support.DefaultSingletonBeanRegistry.getSingleton(Ljava/lang/String;Lorg/springframework/beans/factory/ObjectFactory;)Ljava/lang/Object;+114
J 2881 c1 org.springframework.beans.factory.support.AbstractBeanFactory.doGetBean(Ljava/lang/String;Ljava/lang/Class;[Ljava/lang/Object;Z)Ljava/lang/Object; (714 bytes) @ 0x0000013984ffff84 [0x0000013984fff9c0+0x00000000000005c4]
j  org.springframework.beans.factory.support.AbstractBeanFactory.getBean(Ljava/lang/String;)Ljava/lang/Object;+5
j  org.springframework.beans.factory.config.DependencyDescriptor.resolveCandidate(Ljava/lang/String;Ljava/lang/Class;Lorg/springframework/beans/factory/BeanFactory;)Ljava/lang/Object;+2
j  org.springframework.beans.factory.support.DefaultListableBeanFactory.doResolveDependency(Lorg/springframework/beans/factory/config/DependencyDescriptor;Ljava/lang/String;Ljava/util/Set;Lorg/springframework/beans/TypeConverter;)Ljava/lang/Object;+444
j  org.springframework.beans.factory.support.DefaultListableBeanFactory.resolveDependency(Lorg/springframework/beans/factory/config/DependencyDescriptor;Ljava/lang/String;Ljava/util/Set;Lorg/springframework/beans/TypeConverter;)Ljava/lang/Object;+107
j  org.springframework.beans.factory.annotation.AutowiredAnnotationBeanPostProcessor$AutowiredFieldElement.resolveFieldValue(Ljava/lang/reflect/Field;Ljava/lang/Object;Ljava/lang/String;)Ljava/lang/Object;+81
j  org.springframework.beans.factory.annotation.AutowiredAnnotationBeanPostProcessor$AutowiredFieldElement.inject(Ljava/lang/Object;Ljava/lang/String;Lorg/springframework/beans/PropertyValues;)V+53
j  org.springframework.beans.factory.annotation.InjectionMetadata.inject(Ljava/lang/Object;Ljava/lang/String;Lorg/springframework/beans/PropertyValues;)V+68
j  org.springframework.beans.factory.annotation.AutowiredAnnotationBeanPostProcessor.postProcessProperties(Lorg/springframework/beans/PropertyValues;Ljava/lang/Object;Ljava/lang/String;)Lorg/springframework/beans/PropertyValues;+17
j  org.springframework.beans.factory.support.AbstractAutowireCapableBeanFactory.populateBean(Ljava/lang/String;Lorg/springframework/beans/factory/support/RootBeanDefinition;Lorg/springframework/beans/BeanWrapper;)V+244
j  org.springframework.beans.factory.support.AbstractAutowireCapableBeanFactory.doCreateBean(Ljava/lang/String;Lorg/springframework/beans/factory/support/RootBeanDefinition;[Ljava/lang/Object;)Ljava/lang/Object;+220
j  org.springframework.beans.factory.support.AbstractAutowireCapableBeanFactory.createBean(Ljava/lang/String;Lorg/springframework/beans/factory/support/RootBeanDefinition;[Ljava/lang/Object;)Ljava/lang/Object;+153
j  org.springframework.beans.factory.support.AbstractBeanFactory.lambda$doGetBean$0(Ljava/lang/String;Lorg/springframework/beans/factory/support/RootBeanDefinition;[Ljava/lang/Object;)Ljava/lang/Object;+4
j  org.springframework.beans.factory.support.AbstractBeanFactory$$Lambda$331+0x000001398bed8d68.getObject()Ljava/lang/Object;+16
j  org.springframework.beans.factory.support.DefaultSingletonBeanRegistry.getSingleton(Ljava/lang/String;Lorg/springframework/beans/factory/ObjectFactory;)Ljava/lang/Object;+114
J 2881 c1 org.springframework.beans.factory.support.AbstractBeanFactory.doGetBean(Ljava/lang/String;Ljava/lang/Class;[Ljava/lang/Object;Z)Ljava/lang/Object; (714 bytes) @ 0x0000013984ffff84 [0x0000013984fff9c0+0x00000000000005c4]
j  org.springframework.beans.factory.support.AbstractBeanFactory.getBean(Ljava/lang/String;)Ljava/lang/Object;+5
j  org.springframework.beans.factory.support.DefaultListableBeanFactory.preInstantiateSingletons()V+152
j  org.springframework.context.support.AbstractApplicationContext.finishBeanFactoryInitialization(Lorg/springframework/beans/factory/config/ConfigurableListableBeanFactory;)V+130
j  org.springframework.context.support.AbstractApplicationContext.refresh()V+86
j  org.springframework.boot.web.servlet.context.ServletWebServerApplicationContext.refresh()V+1
j  org.springframework.boot.SpringApplication.refresh(Lorg/springframework/context/ConfigurableApplicationContext;)V+1
j  org.springframework.boot.SpringApplication.refreshContext(Lorg/springframework/context/ConfigurableApplicationContext;)V+16
j  org.springframework.boot.SpringApplication.run([Ljava/lang/String;)Lorg/springframework/context/ConfigurableApplicationContext;+101
j  org.springframework.boot.SpringApplication.run([Ljava/lang/Class;[Ljava/lang/String;)Lorg/springframework/context/ConfigurableApplicationContext;+9
j  org.springframework.boot.SpringApplication.run(Ljava/lang/Class;[Ljava/lang/String;)Lorg/springframework/context/ConfigurableApplicationContext;+9
j  com.diegoloreran.workshopmongo.WorkshopmongoApplication.main([Ljava/lang/String;)V+3
v  ~StubRoutines::call_stub

---------------  P R O C E S S  ---------------

Threads class SMR info:
_java_thread_list=0x00000139cea66eb0, length=26, elements={
0x00000139fe80bf20, 0x000001398ba97be0, 0x000001398ba9a610, 0x000001398bae1020,
0x000001398bae18e0, 0x000001398bae61b0, 0x000001398bae6a70, 0x000001398bafa2a0,
0x000001398bb2eea0, 0x00000139fe9b43d0, 0x00000139cc6974a0, 0x00000139cc6c3c80,
0x00000139ccb2e9f0, 0x00000139ccb28d50, 0x00000139ccbb9050, 0x00000139ccbca560,
0x00000139ccc414d0, 0x00000139ccd0e7c0, 0x00000139cce9e3b0, 0x00000139ccfe2bd0,
0x00000139ccfe1d60, 0x00000139ccfe30a0, 0x00000139ccfe2230, 0x00000139ccfe0550,
0x00000139ccfe3570, 0x00000139ccfe0a20
}

Java Threads: ( => current thread )
=>0x00000139fe80bf20 JavaThread "main" [_thread_in_vm, id=47136, stack(0x0000000100600000,0x0000000100700000)]
  0x000001398ba97be0 JavaThread "Reference Handler" daemon [_thread_blocked, id=61112, stack(0x0000000100d00000,0x0000000100e00000)]
  0x000001398ba9a610 JavaThread "Finalizer" daemon [_thread_blocked, id=46740, stack(0x0000000100e00000,0x0000000100f00000)]
  0x000001398bae1020 JavaThread "Signal Dispatcher" daemon [_thread_blocked, id=55144, stack(0x0000000100f00000,0x0000000101000000)]
  0x000001398bae18e0 JavaThread "Attach Listener" daemon [_thread_blocked, id=42740, stack(0x0000000101000000,0x0000000101100000)]
  0x000001398bae61b0 JavaThread "Service Thread" daemon [_thread_blocked, id=56760, stack(0x0000000101100000,0x0000000101200000)]
  0x000001398bae6a70 JavaThread "Monitor Deflation Thread" daemon [_thread_blocked, id=50480, stack(0x0000000101200000,0x0000000101300000)]
  0x000001398bafa2a0 JavaThread "C1 CompilerThread0" daemon [_thread_blocked, id=42752, stack(0x0000000101300000,0x0000000101400000)]
  0x000001398bb2eea0 JavaThread "Sweeper thread" daemon [_thread_blocked, id=50712, stack(0x0000000101400000,0x0000000101500000)]
  0x00000139fe9b43d0 JavaThread "Common-Cleaner" daemon [_thread_blocked, id=32900, stack(0x0000000101500000,0x0000000101600000)]
  0x00000139cc6974a0 JavaThread "Notification Thread" daemon [_thread_blocked, id=60408, stack(0x0000000101600000,0x0000000101700000)]
  0x00000139cc6c3c80 JavaThread "C1 CompilerThread1" daemon [_thread_blocked, id=42368, stack(0x0000000101700000,0x0000000101800000)]
  0x00000139ccb2e9f0 JavaThread "RMI TCP Accept-0" daemon [_thread_in_native, id=58720, stack(0x0000000101800000,0x0000000101900000)]
  0x00000139ccb28d50 JavaThread "RMI TCP Accept-63334" daemon [_thread_in_native, id=61012, stack(0x0000000101900000,0x0000000101a00000)]
  0x00000139ccbb9050 JavaThread "RMI TCP Accept-0" daemon [_thread_in_native, id=53052, stack(0x0000000101a00000,0x0000000101b00000)]
  0x00000139ccbca560 JavaThread "RMI TCP Connection(1)-127.0.0.1" daemon [_thread_in_native, id=52840, stack(0x0000000101c00000,0x0000000101d00000)]
  0x00000139ccc414d0 JavaThread "RMI Scheduler(0)" daemon [_thread_blocked, id=58424, stack(0x0000000101d00000,0x0000000101e00000)]
  0x00000139ccd0e7c0 JavaThread "RMI TCP Connection(2)-127.0.0.1" daemon [_thread_in_native, id=58572, stack(0x0000000101e00000,0x0000000101f00000)]
  0x00000139cce9e3b0 JavaThread "JMX server connection timeout 21" daemon [_thread_blocked, id=59776, stack(0x0000000102400000,0x0000000102500000)]
  0x00000139ccfe2bd0 JavaThread "Catalina-utility-1" [_thread_blocked, id=55320, stack(0x0000000102500000,0x0000000102600000)]
  0x00000139ccfe1d60 JavaThread "Catalina-utility-2" [_thread_blocked, id=58524, stack(0x0000000102600000,0x0000000102700000)]
  0x00000139ccfe30a0 JavaThread "container-0" [_thread_blocked, id=59436, stack(0x0000000102700000,0x0000000102800000)]
  0x00000139ccfe2230 JavaThread "BufferPoolPruner-1-thread-1" daemon [_thread_blocked, id=59240, stack(0x0000000102800000,0x0000000102900000)]
  0x00000139ccfe0550 JavaThread "cluster-ClusterId{value='63b46780be6c577c89bf5c86', description='null'}-localhost:27017" daemon [_thread_in_native, id=60620, stack(0x0000000102900000,0x0000000102a00000)]
  0x00000139ccfe3570 JavaThread "cluster-rtt-ClusterId{value='63b46780be6c577c89bf5c86', description='null'}-localhost:27017" daemon [_thread_blocked, id=60092, stack(0x0000000102a00000,0x0000000102b00000)]
  0x00000139ccfe0a20 JavaThread "MaintenanceTimer-2-thread-1" daemon [_thread_in_vm, id=61104, stack(0x0000000102c00000,0x0000000102d00000)]

Other Threads:
  0x00000139fe9de530 VMThread "VM Thread" [stack: 0x0000000100c00000,0x0000000100d00000] [id=60340]
  0x00000139ccb13fa0 WatcherThread [stack: 0x0000000101b00000,0x0000000101c00000] [id=59152]
  0x00000139fe94eb90 GCTaskThread "GC Thread#0" [stack: 0x0000000100700000,0x0000000100800000] [id=60976]
  0x00000139ccd51630 GCTaskThread "GC Thread#1" [stack: 0x0000000101f00000,0x0000000102000000] [id=60284]
  0x00000139ccd48370 GCTaskThread "GC Thread#2" [stack: 0x0000000102000000,0x0000000102100000] [id=15720]
  0x00000139cce95eb0 GCTaskThread "GC Thread#3" [stack: 0x0000000102100000,0x0000000102200000] [id=56572]
  0x00000139fe9576e0 ConcurrentGCThread "G1 Main Marker" [stack: 0x0000000100800000,0x0000000100900000] [id=40764]
  0x00000139fe9587a0 ConcurrentGCThread "G1 Conc#0" [stack: 0x0000000100900000,0x0000000100a00000] [id=56016]
  0x00000139fe9a4420 ConcurrentGCThread "G1 Refine#0" [stack: 0x0000000100a00000,0x0000000100b00000] [id=46032]
  0x00000139cce96160 ConcurrentGCThread "G1 Refine#1" [stack: 0x0000000102200000,0x0000000102300000] [id=46312]
  0x00000139cce96440 ConcurrentGCThread "G1 Refine#2" [stack: 0x0000000102300000,0x0000000102400000] [id=53492]
  0x00000139fe9a5d60 ConcurrentGCThread "G1 Service" [stack: 0x0000000100b00000,0x0000000100c00000] [id=12348]

Threads with active compile tasks:

VM state: not at safepoint (normal execution)

VM Mutex/Monitor currently owned by a thread:  ([mutex/lock_event])
[0x00000139fe912920] Metaspace_lock - owner thread: 0x00000139fe80bf20

Heap address: 0x00000000c1800000, size: 1000 MB, Compressed Oops mode: 32-bit

CDS archive(s) not mapped
Compressed class space mapped at: 0x000001398bc00000-0x00000139cbc00000, reserved size: 1073741824
Narrow klass base: 0x000001398bc00000, Narrow klass shift: 0, Narrow klass range: 0x40000000

GC Precious Log:
 CPUs: 4 total, 4 available
 Memory: 3996M
 Large Page Support: Disabled
 NUMA Support: Disabled
 Compressed Oops: Enabled (32-bit)
 Heap Region Size: 1M
 Heap Min Capacity: 8M
 Heap Initial Capacity: 64M
 Heap Max Capacity: 1000M
 Pre-touch: Disabled
 Parallel Workers: 4
 Concurrent Workers: 1
 Concurrent Refinement Workers: 4
 Periodic GC: Disabled

Heap:
 garbage-first heap   total 46080K, used 21794K [0x00000000c1800000, 0x0000000100000000)
  region size 1024K, 12 young (12288K), 3 survivors (3072K)
 Metaspace       used 37793K, committed 38208K, reserved 1089536K
  class space    used 4805K, committed 4992K, reserved 1048576K

Heap Regions: E=young(eden), S=young(survivor), O=old, HS=humongous(starts), HC=humongous(continues), CS=collection set, F=free, OA=open archive, CA=closed archive, TAMS=top-at-mark-start (previous, next)
|   0|0x00000000c1800000, 0x00000000c1900000, 0x00000000c1900000|100%| O|  |TAMS 0x00000000c1900000, 0x00000000c1800000| Untracked 
|   1|0x00000000c1900000, 0x00000000c1a00000, 0x00000000c1a00000|100%| O|  |TAMS 0x00000000c1a00000, 0x00000000c1900000| Untracked 
|   2|0x00000000c1a00000, 0x00000000c1b00000, 0x00000000c1b00000|100%| O|  |TAMS 0x00000000c1b00000, 0x00000000c1a00000| Untracked 
|   3|0x00000000c1b00000, 0x00000000c1c00000, 0x00000000c1c00000|100%| O|  |TAMS 0x00000000c1c00000, 0x00000000c1b00000| Untracked 
|   4|0x00000000c1c00000, 0x00000000c1d00000, 0x00000000c1d00000|100%| O|  |TAMS 0x00000000c1d00000, 0x00000000c1c00000| Untracked 
|   5|0x00000000c1d00000, 0x00000000c1e00000, 0x00000000c1e00000|100%| O|  |TAMS 0x00000000c1e00000, 0x00000000c1d00000| Untracked 
|   6|0x00000000c1e00000, 0x00000000c1f00000, 0x00000000c1f00000|100%| O|  |TAMS 0x00000000c1f00000, 0x00000000c1e00000| Untracked 
|   7|0x00000000c1f00000, 0x00000000c2000000, 0x00000000c2000000|100%| O|  |TAMS 0x00000000c2000000, 0x00000000c1f00000| Untracked 
|   8|0x00000000c2000000, 0x00000000c2100000, 0x00000000c2100000|100%| O|  |TAMS 0x00000000c2100000, 0x00000000c2000000| Untracked 
|   9|0x00000000c2100000, 0x00000000c2200000, 0x00000000c2200000|100%| O|  |TAMS 0x00000000c215ec00, 0x00000000c2100000| Untracked 
|  10|0x00000000c2200000, 0x00000000c2248800, 0x00000000c2300000| 28%| O|  |TAMS 0x00000000c2200000, 0x00000000c2200000| Untracked 
|  11|0x00000000c2300000, 0x00000000c2300000, 0x00000000c2400000|  0%| F|  |TAMS 0x00000000c2300000, 0x00000000c2300000| Untracked 
|  12|0x00000000c2400000, 0x00000000c2400000, 0x00000000c2500000|  0%| F|  |TAMS 0x00000000c2400000, 0x00000000c2400000| Untracked 
|  13|0x00000000c2500000, 0x00000000c2500000, 0x00000000c2600000|  0%| F|  |TAMS 0x00000000c2500000, 0x00000000c2500000| Untracked 
|  14|0x00000000c2600000, 0x00000000c2600000, 0x00000000c2700000|  0%| F|  |TAMS 0x00000000c2600000, 0x00000000c2600000| Untracked 
|  15|0x00000000c2700000, 0x00000000c2700000, 0x00000000c2800000|  0%| F|  |TAMS 0x00000000c2700000, 0x00000000c2700000| Untracked 
|  16|0x00000000c2800000, 0x00000000c2800000, 0x00000000c2900000|  0%| F|  |TAMS 0x00000000c2800000, 0x00000000c2800000| Untracked 
|  17|0x00000000c2900000, 0x00000000c2900000, 0x00000000c2a00000|  0%| F|  |TAMS 0x00000000c2900000, 0x00000000c2900000| Untracked 
|  18|0x00000000c2a00000, 0x00000000c2a00000, 0x00000000c2b00000|  0%| F|  |TAMS 0x00000000c2a00000, 0x00000000c2a00000| Untracked 
|  19|0x00000000c2b00000, 0x00000000c2b00000, 0x00000000c2c00000|  0%| F|  |TAMS 0x00000000c2b00000, 0x00000000c2b00000| Untracked 
|  20|0x00000000c2c00000, 0x00000000c2c00000, 0x00000000c2d00000|  0%| F|  |TAMS 0x00000000c2c00000, 0x00000000c2c00000| Untracked 
|  21|0x00000000c2d00000, 0x00000000c2d00000, 0x00000000c2e00000|  0%| F|  |TAMS 0x00000000c2d00000, 0x00000000c2d00000| Untracked 
|  22|0x00000000c2e00000, 0x00000000c2e00000, 0x00000000c2f00000|  0%| F|  |TAMS 0x00000000c2e00000, 0x00000000c2e00000| Untracked 
|  23|0x00000000c2f00000, 0x00000000c2f00000, 0x00000000c3000000|  0%| F|  |TAMS 0x00000000c2f00000, 0x00000000c2f00000| Untracked 
|  24|0x00000000c3000000, 0x00000000c3000000, 0x00000000c3100000|  0%| F|  |TAMS 0x00000000c3000000, 0x00000000c3000000| Untracked 
|  25|0x00000000c3100000, 0x00000000c3200000, 0x00000000c3200000|100%| S|CS|TAMS 0x00000000c3100000, 0x00000000c3100000| Complete 
|  26|0x00000000c3200000, 0x00000000c3300000, 0x00000000c3300000|100%| S|CS|TAMS 0x00000000c3200000, 0x00000000c3200000| Complete 
|  27|0x00000000c3300000, 0x00000000c3400000, 0x00000000c3400000|100%| S|CS|TAMS 0x00000000c3300000, 0x00000000c3300000| Complete 
|  28|0x00000000c3400000, 0x00000000c3400000, 0x00000000c3500000|  0%| F|  |TAMS 0x00000000c3400000, 0x00000000c3400000| Untracked 
|  29|0x00000000c3500000, 0x00000000c3500000, 0x00000000c3600000|  0%| F|  |TAMS 0x00000000c3500000, 0x00000000c3500000| Untracked 
|  30|0x00000000c3600000, 0x00000000c3600000, 0x00000000c3700000|  0%| F|  |TAMS 0x00000000c3600000, 0x00000000c3600000| Untracked 
|  31|0x00000000c3700000, 0x00000000c3700000, 0x00000000c3800000|  0%| F|  |TAMS 0x00000000c3700000, 0x00000000c3700000| Untracked 
|  32|0x00000000c3800000, 0x00000000c3800000, 0x00000000c3900000|  0%| F|  |TAMS 0x00000000c3800000, 0x00000000c3800000| Untracked 
|  33|0x00000000c3900000, 0x00000000c3900000, 0x00000000c3a00000|  0%| F|  |TAMS 0x00000000c3900000, 0x00000000c3900000| Untracked 
|  34|0x00000000c3a00000, 0x00000000c3a00000, 0x00000000c3b00000|  0%| F|  |TAMS 0x00000000c3a00000, 0x00000000c3a00000| Untracked 
|  35|0x00000000c3b00000, 0x00000000c3b00000, 0x00000000c3c00000|  0%| F|  |TAMS 0x00000000c3b00000, 0x00000000c3b00000| Untracked 
|  36|0x00000000c3c00000, 0x00000000c3c9e9f0, 0x00000000c3d00000| 61%| E|  |TAMS 0x00000000c3c00000, 0x00000000c3c00000| Complete 
|  37|0x00000000c3d00000, 0x00000000c3e00000, 0x00000000c3e00000|100%| E|CS|TAMS 0x00000000c3d00000, 0x00000000c3d00000| Complete 
|  38|0x00000000c3e00000, 0x00000000c3f00000, 0x00000000c3f00000|100%| E|CS|TAMS 0x00000000c3e00000, 0x00000000c3e00000| Complete 
|  39|0x00000000c3f00000, 0x00000000c4000000, 0x00000000c4000000|100%| E|CS|TAMS 0x00000000c3f00000, 0x00000000c3f00000| Complete 
|  40|0x00000000c4000000, 0x00000000c4100000, 0x00000000c4100000|100%| E|CS|TAMS 0x00000000c4000000, 0x00000000c4000000| Complete 
|  41|0x00000000c4100000, 0x00000000c4200000, 0x00000000c4200000|100%| E|CS|TAMS 0x00000000c4100000, 0x00000000c4100000| Complete 
|  42|0x00000000c4200000, 0x00000000c4300000, 0x00000000c4300000|100%| E|CS|TAMS 0x00000000c4200000, 0x00000000c4200000| Complete 
|  43|0x00000000c4300000, 0x00000000c4400000, 0x00000000c4400000|100%| E|CS|TAMS 0x00000000c4300000, 0x00000000c4300000| Complete 
|  63|0x00000000c5700000, 0x00000000c5800000, 0x00000000c5800000|100%| E|CS|TAMS 0x00000000c5700000, 0x00000000c5700000| Complete 

Card table byte_map: [0x00000139ff470000,0x00000139ff670000] _byte_map_base: 0x00000139fee64000

Marking Bits (Prev, Next): (CMBitMap*) 0x00000139fe94f0b0, (CMBitMap*) 0x00000139fe94f0f0
 Prev Bits: [0x0000013987a00000, 0x00000139889a0000)
 Next Bits: [0x00000139889a0000, 0x0000013989940000)

Polling page: 0x00000139fe6f0000

Metaspace:

Usage:
  Non-class:     32.21 MB used.
      Class:      4.69 MB used.
       Both:     36.91 MB used.

Virtual space:
  Non-class space:       40.00 MB reserved,      32.44 MB ( 81%) committed,  5 nodes.
      Class space:        1.00 GB reserved,       4.88 MB ( <1%) committed,  1 nodes.
             Both:        1.04 GB reserved,      37.31 MB (  4%) committed. 

Chunk freelists:
   Non-Class:  2.61 MB
       Class:  3.03 MB
        Both:  5.64 MB

MaxMetaspaceSize: unlimited
CompressedClassSpaceSize: 1.00 GB
Initial GC threshold: 21.00 MB
Current GC threshold: 58.88 MB
CDS: off
MetaspaceReclaimPolicy: balanced
 - commit_granule_bytes: 65536.
 - commit_granule_words: 8192.
 - virtual_space_node_default_size: 1048576.
 - enlarge_chunks_in_place: 1.
 - new_chunks_are_fully_committed: 0.
 - uncommit_free_chunks: 1.
 - use_allocation_guard: 0.
 - handle_deallocations: 1.


Internal statistics:

num_allocs_failed_limit: 6.
num_arena_births: 568.
num_arena_deaths: 0.
num_vsnodes_births: 6.
num_vsnodes_deaths: 0.
num_space_committed: 597.
num_space_uncommitted: 0.
num_chunks_returned_to_freelist: 6.
num_chunks_taken_from_freelist: 1604.
num_chunk_merges: 6.
num_chunk_splits: 1088.
num_chunks_enlarged: 771.
num_purges: 0.
num_inconsistent_stats: 0.

CodeCache: size=49152Kb used=7153Kb max_used=7153Kb free=41998Kb
 bounds [0x0000013984a00000, 0x0000013985100000, 0x0000013987a00000]
 total_blobs=4015 nmethods=3486 adapters=454
 compilation: enabled
              stopped_count=0, restarted_count=0
 full_count=0

Compilation events (20 events):
Event: 10.668 Thread 0x000001398bafa2a0 3477       1       java.util.Collections$UnmodifiableList::<init> (11 bytes)
Event: 10.668 Thread 0x000001398bafa2a0 nmethod 3477 0x00000139850f9990 code [0x00000139850f9b40, 0x00000139850f9d68]
Event: 10.682 Thread 0x000001398bafa2a0 3478       1       org.bson.AbstractBsonWriter::getState (5 bytes)
Event: 10.682 Thread 0x00000139cc6c3c80 3479       1       java.nio.HeapByteBuffer::put (16 bytes)
Event: 10.682 Thread 0x000001398bafa2a0 nmethod 3478 0x00000139850f9e10 code [0x00000139850f9fa0, 0x00000139850fa078]
Event: 10.683 Thread 0x00000139cc6c3c80 nmethod 3479 0x00000139850fa110 code [0x00000139850fa2c0, 0x00000139850fa428]
Event: 10.684 Thread 0x00000139cc6c3c80 3480       1       java.util.Optional::orElseGet (21 bytes)
Event: 10.684 Thread 0x000001398bafa2a0 3481       1       org.bson.internal.ChildCodecRegistry::getTypes (8 bytes)
Event: 10.685 Thread 0x00000139cc6c3c80 nmethod 3480 0x00000139850fa590 code [0x00000139850fa720, 0x00000139850fa828]
Event: 10.685 Thread 0x00000139cc6c3c80 3482       1       org.bson.internal.ProvidersCodecRegistry::get (46 bytes)
Event: 10.685 Thread 0x000001398bafa2a0 nmethod 3481 0x00000139850fa890 code [0x00000139850faa20, 0x00000139850fabb8]
Event: 10.685 Thread 0x000001398bafa2a0 3483       1       org.bson.internal.CodecCache::get (19 bytes)
Event: 10.685 Thread 0x000001398bafa2a0 nmethod 3483 0x00000139850fac90 code [0x00000139850fae40, 0x00000139850fb048]
Event: 10.685 Thread 0x000001398bafa2a0 3484       1       org.bson.internal.ProvidersCodecRegistry$$Lambda$702/0x000001398c0bf598::<init> (20 bytes)
Event: 10.685 Thread 0x000001398bafa2a0 nmethod 3484 0x00000139850fb110 code [0x00000139850fb2a0, 0x00000139850fb478]
Event: 10.685 Thread 0x000001398bafa2a0 3485       1       org.bson.internal.CodecCache$CodecCacheKey::<init> (15 bytes)
Event: 10.686 Thread 0x000001398bafa2a0 nmethod 3485 0x00000139850fb510 code [0x00000139850fb6a0, 0x00000139850fb7f8]
Event: 10.686 Thread 0x000001398bafa2a0 3486       1       org.bson.BsonBinaryWriter::getContext (8 bytes)
Event: 10.686 Thread 0x000001398bafa2a0 nmethod 3486 0x00000139850fb890 code [0x00000139850fba20, 0x00000139850fbb18]
Event: 10.686 Thread 0x00000139cc6c3c80 nmethod 3482 0x00000139850fbb90 code [0x00000139850fbda0, 0x00000139850fc468]

GC Heap History (20 events):
Event: 3.020 GC heap before
{Heap before GC invocations=1 (full 0):
 garbage-first heap   total 65536K, used 14096K [0x00000000c1800000, 0x0000000100000000)
  region size 1024K, 11 young (11264K), 2 survivors (2048K)
 Metaspace       used 16836K, committed 17088K, reserved 1064960K
  class space    used 1827K, committed 1984K, reserved 1048576K
}
Event: 3.027 GC heap after
{Heap after GC invocations=2 (full 0):
 garbage-first heap   total 65536K, used 5682K [0x00000000c1800000, 0x0000000100000000)
  region size 1024K, 1 young (1024K), 1 survivors (1024K)
 Metaspace       used 16836K, committed 17088K, reserved 1064960K
  class space    used 1827K, committed 1984K, reserved 1048576K
}
Event: 4.495 GC heap before
{Heap before GC invocations=2 (full 0):
 garbage-first heap   total 65536K, used 24114K [0x00000000c1800000, 0x0000000100000000)
  region size 1024K, 21 young (21504K), 1 survivors (1024K)
 Metaspace       used 21253K, committed 21504K, reserved 1073152K
  class space    used 2435K, committed 2560K, reserved 1048576K
}
Event: 4.504 GC heap after
{Heap after GC invocations=3 (full 0):
 garbage-first heap   total 65536K, used 6902K [0x00000000c1800000, 0x0000000100000000)
  region size 1024K, 2 young (2048K), 2 survivors (2048K)
 Metaspace       used 21253K, committed 21504K, reserved 1073152K
  class space    used 2435K, committed 2560K, reserved 1048576K
}
Event: 5.887 GC heap before
{Heap before GC invocations=4 (full 0):
 garbage-first heap   total 27648K, used 18166K [0x00000000c1800000, 0x0000000100000000)
  region size 1024K, 15 young (15360K), 2 survivors (2048K)
 Metaspace       used 24481K, committed 24704K, reserved 1073152K
  class space    used 2854K, committed 2944K, reserved 1048576K
}
Event: 5.892 GC heap after
{Heap after GC invocations=5 (full 0):
 garbage-first heap   total 27648K, used 7910K [0x00000000c1800000, 0x0000000100000000)
  region size 1024K, 3 young (3072K), 3 survivors (3072K)
 Metaspace       used 24481K, committed 24704K, reserved 1073152K
  class space    used 2854K, committed 2944K, reserved 1048576K
}
Event: 5.913 GC heap before
{Heap before GC invocations=5 (full 0):
 garbage-first heap   total 27648K, used 8934K [0x00000000c1800000, 0x0000000100000000)
  region size 1024K, 4 young (4096K), 3 survivors (3072K)
 Metaspace       used 24707K, committed 24960K, reserved 1073152K
  class space    used 2885K, committed 3008K, reserved 1048576K
}
Event: 5.919 GC heap after
{Heap after GC invocations=6 (full 0):
 garbage-first heap   total 27648K, used 8102K [0x00000000c1800000, 0x0000000100000000)
  region size 1024K, 1 young (1024K), 1 survivors (1024K)
 Metaspace       used 24707K, committed 24960K, reserved 1073152K
  class space    used 2885K, committed 3008K, reserved 1048576K
}
Event: 7.413 GC heap before
{Heap before GC invocations=6 (full 0):
 garbage-first heap   total 27648K, used 16294K [0x00000000c1800000, 0x0000000100000000)
  region size 1024K, 10 young (10240K), 1 survivors (1024K)
 Metaspace       used 26362K, committed 26624K, reserved 1073152K
  class space    used 3127K, committed 3264K, reserved 1048576K
}
Event: 7.414 GC heap after
{Heap after GC invocations=7 (full 0):
 garbage-first heap   total 27648K, used 8404K [0x00000000c1800000, 0x0000000100000000)
  region size 1024K, 1 young (1024K), 1 survivors (1024K)
 Metaspace       used 26362K, committed 26624K, reserved 1073152K
  class space    used 3127K, committed 3264K, reserved 1048576K
}
Event: 7.865 GC heap before
{Heap before GC invocations=7 (full 0):
 garbage-first heap   total 27648K, used 18644K [0x00000000c1800000, 0x0000000100000000)
  region size 1024K, 11 young (11264K), 1 survivors (1024K)
 Metaspace       used 26929K, committed 27200K, reserved 1073152K
  class space    used 3235K, committed 3392K, reserved 1048576K
}
Event: 7.869 GC heap after
{Heap after GC invocations=8 (full 0):
 garbage-first heap   total 27648K, used 9533K [0x00000000c1800000, 0x0000000100000000)
  region size 1024K, 2 young (2048K), 2 survivors (2048K)
 Metaspace       used 26929K, committed 27200K, reserved 1073152K
  class space    used 3235K, committed 3392K, reserved 1048576K
}
Event: 8.253 GC heap before
{Heap before GC invocations=8 (full 0):
 garbage-first heap   total 27648K, used 18749K [0x00000000c1800000, 0x0000000100000000)
  region size 1024K, 11 young (11264K), 2 survivors (2048K)
 Metaspace       used 28430K, committed 28736K, reserved 1081344K
  class space    used 3434K, committed 3584K, reserved 1048576K
}
Event: 8.261 GC heap after
{Heap after GC invocations=9 (full 0):
 garbage-first heap   total 27648K, used 9806K [0x00000000c1800000, 0x0000000100000000)
  region size 1024K, 1 young (1024K), 1 survivors (1024K)
 Metaspace       used 28430K, committed 28736K, reserved 1081344K
  class space    used 3434K, committed 3584K, reserved 1048576K
}
Event: 8.743 GC heap before
{Heap before GC invocations=9 (full 0):
 garbage-first heap   total 27648K, used 19022K [0x00000000c1800000, 0x0000000100000000)
  region size 1024K, 11 young (11264K), 1 survivors (1024K)
 Metaspace       used 30351K, committed 30720K, reserved 1081344K
  class space    used 3729K, committed 3904K, reserved 1048576K
}
Event: 8.749 GC heap after
{Heap after GC invocations=10 (full 0):
 garbage-first heap   total 27648K, used 10673K [0x00000000c1800000, 0x0000000100000000)
  region size 1024K, 2 young (2048K), 2 survivors (2048K)
 Metaspace       used 30351K, committed 30720K, reserved 1081344K
  class space    used 3729K, committed 3904K, reserved 1048576K
}
Event: 9.082 GC heap before
{Heap before GC invocations=10 (full 0):
 garbage-first heap   total 27648K, used 19889K [0x00000000c1800000, 0x0000000100000000)
  region size 1024K, 11 young (11264K), 2 survivors (2048K)
 Metaspace       used 32006K, committed 32320K, reserved 1081344K
  class space    used 4012K, committed 4160K, reserved 1048576K
}
Event: 9.091 GC heap after
{Heap after GC invocations=11 (full 0):
 garbage-first heap   total 46080K, used 11643K [0x00000000c1800000, 0x0000000100000000)
  region size 1024K, 2 young (2048K), 2 survivors (2048K)
 Metaspace       used 32006K, committed 32320K, reserved 1081344K
  class space    used 4012K, committed 4160K, reserved 1048576K
}
Event: 10.071 GC heap before
{Heap before GC invocations=11 (full 0):
 garbage-first heap   total 46080K, used 28027K [0x00000000c1800000, 0x0000000100000000)
  region size 1024K, 19 young (19456K), 2 survivors (2048K)
 Metaspace       used 35550K, committed 35968K, reserved 1081344K
  class space    used 4462K, committed 4672K, reserved 1048576K
}
Event: 10.087 GC heap after
{Heap after GC invocations=12 (full 0):
 garbage-first heap   total 46080K, used 13602K [0x00000000c1800000, 0x0000000100000000)
  region size 1024K, 3 young (3072K), 3 survivors (3072K)
 Metaspace       used 35550K, committed 35968K, reserved 1081344K
  class space    used 4462K, committed 4672K, reserved 1048576K
}

Dll operation events (8 events):
Event: 0.034 Loaded shared library C:\STS\sts-4.17.0.RELEASE\plugins\org.eclipse.justj.openjdk.hotspot.jre.full.win32.x86_64_17.0.5.v20221102-0933\jre\bin\java.dll
Event: 0.726 Loaded shared library C:\STS\sts-4.17.0.RELEASE\plugins\org.eclipse.justj.openjdk.hotspot.jre.full.win32.x86_64_17.0.5.v20221102-0933\jre\bin\jimage.dll
Event: 0.770 Loaded shared library C:\STS\sts-4.17.0.RELEASE\plugins\org.eclipse.justj.openjdk.hotspot.jre.full.win32.x86_64_17.0.5.v20221102-0933\jre\bin\net.dll
Event: 0.776 Loaded shared library C:\STS\sts-4.17.0.RELEASE\plugins\org.eclipse.justj.openjdk.hotspot.jre.full.win32.x86_64_17.0.5.v20221102-0933\jre\bin\nio.dll
Event: 0.791 Loaded shared library C:\STS\sts-4.17.0.RELEASE\plugins\org.eclipse.justj.openjdk.hotspot.jre.full.win32.x86_64_17.0.5.v20221102-0933\jre\bin\zip.dll
Event: 1.111 Loaded shared library C:\STS\sts-4.17.0.RELEASE\plugins\org.eclipse.justj.openjdk.hotspot.jre.full.win32.x86_64_17.0.5.v20221102-0933\jre\bin\management.dll
Event: 1.157 Loaded shared library C:\STS\sts-4.17.0.RELEASE\plugins\org.eclipse.justj.openjdk.hotspot.jre.full.win32.x86_64_17.0.5.v20221102-0933\jre\bin\management_ext.dll
Event: 9.556 Loaded shared library C:\STS\sts-4.17.0.RELEASE\plugins\org.eclipse.justj.openjdk.hotspot.jre.full.win32.x86_64_17.0.5.v20221102-0933\jre\bin\sunmscapi.dll

Deoptimization events (4 events):
Event: 5.274 Thread 0x00000139fe80bf20 DEOPT PACKING pc=0x0000013984e91219 sp=0x00000001006fd170
Event: 5.274 Thread 0x00000139fe80bf20 DEOPT UNPACKING pc=0x0000013984a52b43 sp=0x00000001006fc650 mode 3
Event: 9.723 Thread 0x00000139fe80bf20 DEOPT PACKING pc=0x000001398508cb1d sp=0x00000001006fc310
Event: 9.723 Thread 0x00000139fe80bf20 DEOPT UNPACKING pc=0x0000013984a52b43 sp=0x00000001006fb878 mode 3

Classes unloaded (0 events):
No events

Classes redefined (0 events):
No events

Internal exceptions (20 events):
Event: 8.692 Thread 0x00000139fe80bf20 Exception <a 'java/lang/NoClassDefFoundError'{0x00000000c2a96da8}: org/flywaydb/core/Flyway> (0x00000000c2a96da8) 
thrown [s\src\hotspot\share\classfile\systemDictionary.cpp, line 245]
Event: 8.692 Thread 0x00000139fe80bf20 Exception <a 'java/lang/NoClassDefFoundError'{0x00000000c2a984c8}: liquibase/integration/spring/SpringLiquibase> (0x00000000c2a984c8) 
thrown [s\src\hotspot\share\classfile\systemDictionary.cpp, line 245]
Event: 8.738 Thread 0x00000139fe80bf20 Exception <a 'java/lang/NoSuchMethodError'{0x00000000c28d74c8}: 'void java.lang.invoke.DirectMethodHandle$Holder.invokeSpecial(java.lang.Object, java.lang.Object, java.lang.Object, java.lang.Object, java.lang.Object, java.lang.Object)'> (0x00000000c28d74c8) 
thrown [s\src\hotspot\share\interpreter\linkResolver.cpp, line 759]
Event: 8.817 Thread 0x00000139fe80bf20 Exception <a 'java/lang/NoSuchMethodError'{0x00000000c42a47e8}: 'java.lang.Object java.lang.invoke.DirectMethodHandle$Holder.invokeSpecialIFC(java.lang.Object, java.lang.Object, java.lang.Object)'> (0x00000000c42a47e8) 
thrown [s\src\hotspot\share\interpreter\linkResolver.cpp, line 759]
Event: 8.949 Thread 0x00000139ccd0e7c0 Exception <a 'java/lang/reflect/InvocationTargetException'{0x00000000c2eadad8}> (0x00000000c2eadad8) 
thrown [s\src\hotspot\share\runtime\reflection.cpp, line 1121]
Event: 8.993 Thread 0x00000139fe80bf20 Exception <a 'java/lang/NoSuchMethodError'{0x00000000c2dd3038}: 'void java.lang.invoke.DirectMethodHandle$Holder.invokeInterface(java.lang.Object, java.lang.Object, int)'> (0x00000000c2dd3038) 
thrown [s\src\hotspot\share\interpreter\linkResolver.cpp, line 759]
Event: 9.000 Thread 0x00000139fe80bf20 Exception <a 'java/lang/IncompatibleClassChangeError'{0x00000000c2c23150}: Found class java.lang.Object, but interface was expected> (0x00000000c2c23150) 
thrown [s\src\hotspot\share\interpreter\linkResolver.cpp, line 826]
Event: 9.000 Thread 0x00000139fe80bf20 Exception <a 'java/lang/NoSuchMethodError'{0x00000000c2c28238}: 'void java.lang.invoke.DirectMethodHandle$Holder.invokeStatic(java.lang.Object, int, java.lang.Object)'> (0x00000000c2c28238) 
thrown [s\src\hotspot\share\interpreter\linkResolver.cpp, line 759]
Event: 9.363 Thread 0x00000139fe80bf20 Exception <a 'java/lang/NoSuchMethodError'{0x00000000c3febb58}: 'java.lang.Object java.lang.invoke.DirectMethodHandle$Holder.invokeSpecial(java.lang.Object, java.lang.Object, long, java.lang.Object, java.lang.Object, java.lang.Object, java.lang.Object, java.lang.Object, java.lang.Object)'> (0x00000000c3febb58) 
thrown [s\src\hotspot\share\interpreter\linkResolver.cpp, line 759]
Event: 9.364 Thread 0x00000139fe80bf20 Exception <a 'java/lang/NoSuchMethodError'{0x00000000c3ff0680}: 'java.lang.Object java.lang.invoke.DelegatingMethodHandle$Holder.reinvoke_L(java.lang.Object, long, java.lang.Object, java.lang.Object, java.lang.Object, java.lang.Object, java.lang.Object, java.lang.Object)'> (0x00000000c3ff0680) 
thrown [s\src\hotspot\share\interpreter\linkResolver.cpp, line 759]
Event: 9.365 Thread 0x00000139fe80bf20 Exception <a 'java/lang/NoSuchMethodError'{0x00000000c3ffd080}: 'java.lang.Object java.lang.invoke.Invokers$Holder.linkToTargetMethod(java.lang.Object, java.lang.Object, java.lang.Object, java.lang.Object, java.lang.Object, java.lang.Object, java.lang.Object)'> (0x00000000c3ffd080) 
thrown [s\src\hotspot\share\interpreter\linkResolver.cpp, line 759]
Event: 9.453 Thread 0x00000139ccd0e7c0 Exception <a 'java/lang/reflect/InvocationTargetException'{0x00000000c3d67bd0}> (0x00000000c3d67bd0) 
thrown [s\src\hotspot\share\runtime\reflection.cpp, line 1121]
Event: 9.590 Thread 0x00000139fe80bf20 Exception <a 'java/io/FileNotFoundException'{0x00000000c3b8e550}> (0x00000000c3b8e550) 
thrown [s\src\hotspot\share\prims\jni.cpp, line 516]
Event: 9.636 Thread 0x00000139fe80bf20 Exception <a 'java/lang/NoSuchMethodError'{0x00000000c3aa1dd0}: 'int java.lang.invoke.DirectMethodHandle$Holder.invokeInterface(java.lang.Object, java.lang.Object, java.lang.Object, java.lang.Object)'> (0x00000000c3aa1dd0) 
thrown [s\src\hotspot\share\interpreter\linkResolver.cpp, line 759]
Event: 9.749 Thread 0x00000139fe80bf20 Exception <a 'java/lang/NoSuchMethodError'{0x00000000c385f110}: 'long java.lang.invoke.DirectMethodHandle$Holder.invokeVirtual(java.lang.Object, java.lang.Object)'> (0x00000000c385f110) 
thrown [s\src\hotspot\share\interpreter\linkResolver.cpp, line 759]
Event: 9.958 Thread 0x00000139ccd0e7c0 Exception <a 'java/lang/reflect/InvocationTargetException'{0x00000000c3566fa8}> (0x00000000c3566fa8) 
thrown [s\src\hotspot\share\runtime\reflection.cpp, line 1121]
Event: 10.392 Thread 0x00000139fe80bf20 Exception <a 'java/lang/NoSuchMethodError'{0x00000000c41b2e08}: 'long java.lang.invoke.DirectMethodHandle$Holder.invokeStatic(java.lang.Object)'> (0x00000000c41b2e08) 
thrown [s\src\hotspot\share\interpreter\linkResolver.cpp, line 759]
Event: 10.412 Thread 0x00000139ccfe3570 Exception <a 'java/lang/reflect/InvocationTargetException'{0x00000000c4019908}> (0x00000000c4019908) 
thrown [s\src\hotspot\share\runtime\reflection.cpp, line 1121]
Event: 10.412 Thread 0x00000139ccfe0550 Exception <a 'java/lang/reflect/InvocationTargetException'{0x00000000c40a3760}> (0x00000000c40a3760) 
thrown [s\src\hotspot\share\runtime\reflection.cpp, line 1121]
Event: 10.514 Thread 0x00000139ccd0e7c0 Exception <a 'java/lang/reflect/InvocationTargetException'{0x00000000c3fbf460}> (0x00000000c3fbf460) 
thrown [s\src\hotspot\share\runtime\reflection.cpp, line 1121]

VM Operations (20 events):
Event: 9.668 Executing VM operation: HandshakeAllThreads
Event: 9.668 Executing VM operation: HandshakeAllThreads done
Event: 9.669 Executing VM operation: HandshakeAllThreads
Event: 9.669 Executing VM operation: HandshakeAllThreads done
Event: 9.773 Executing VM operation: HandshakeAllThreads
Event: 9.773 Executing VM operation: HandshakeAllThreads done
Event: 10.071 Executing VM operation: CollectForMetadataAllocation
Event: 10.087 Executing VM operation: CollectForMetadataAllocation done
Event: 10.131 Executing VM operation: G1Concurrent
Event: 10.135 Executing VM operation: G1Concurrent done
Event: 10.153 Executing VM operation: G1Concurrent
Event: 10.153 Executing VM operation: G1Concurrent done
Event: 10.323 Executing VM operation: HandshakeAllThreads
Event: 10.323 Executing VM operation: HandshakeAllThreads done
Event: 10.568 Executing VM operation: HandshakeAllThreads
Event: 10.568 Executing VM operation: HandshakeAllThreads done
Event: 10.602 Executing VM operation: HandshakeAllThreads
Event: 10.602 Executing VM operation: HandshakeAllThreads done
Event: 10.654 Executing VM operation: HandshakeAllThreads
Event: 10.655 Executing VM operation: HandshakeAllThreads done

Events (20 events):
Event: 10.621 loading class jdk/internal/icu/text/NormalizerBase$NONEMode done
Event: 10.621 loading class jdk/internal/icu/text/NormalizerBase$NFDMode
Event: 10.621 loading class jdk/internal/icu/text/NormalizerBase$NFDMode done
Event: 10.621 loading class jdk/internal/icu/text/NormalizerBase$NFKDMode
Event: 10.621 loading class jdk/internal/icu/text/NormalizerBase$NFKDMode done
Event: 10.621 loading class jdk/internal/icu/text/NormalizerBase$NFCMode
Event: 10.621 loading class jdk/internal/icu/text/NormalizerBase$NFCMode done
Event: 10.621 loading class jdk/internal/icu/text/NormalizerBase$NFKCMode
Event: 10.621 loading class jdk/internal/icu/text/NormalizerBase$NFKCMode done
Event: 10.621 loading class jdk/internal/icu/text/UCharacterIterator
Event: 10.621 loading class jdk/internal/icu/text/UCharacterIterator done
Event: 10.622 loading class jdk/internal/icu/impl/ReplaceableUCharacterIterator
Event: 10.622 loading class jdk/internal/icu/impl/ReplaceableUCharacterIterator done
Event: 10.623 loading class jdk/internal/icu/text/ReplaceableString
Event: 10.625 loading class jdk/internal/icu/text/Replaceable
Event: 10.626 loading class jdk/internal/icu/text/Replaceable done
Event: 10.626 loading class jdk/internal/icu/text/ReplaceableString done
Event: 10.654 loading class java/nio/HeapByteBufferR
Event: 10.654 loading class java/nio/HeapByteBufferR done
Event: 10.674 Thread 0x00000139ccfe0a20 Thread added: 0x00000139ccfe0a20


Dynamic libraries:
0x00007ff6339d0000 - 0x00007ff6339de000 	C:\STS\sts-4.17.0.RELEASE\plugins\org.eclipse.justj.openjdk.hotspot.jre.full.win32.x86_64_17.0.5.v20221102-0933\jre\bin\javaw.exe
0x00007ff830790000 - 0x00007ff830988000 	C:\WINDOWS\SYSTEM32\ntdll.dll
0x00007ff82f8c0000 - 0x00007ff82f97f000 	C:\WINDOWS\System32\KERNEL32.DLL
0x00007ff82de80000 - 0x00007ff82e152000 	C:\WINDOWS\System32\KERNELBASE.dll
0x00007ff82e160000 - 0x00007ff82e260000 	C:\WINDOWS\System32\ucrtbase.dll
0x00007ff81a9f0000 - 0x00007ff81aa09000 	C:\STS\sts-4.17.0.RELEASE\plugins\org.eclipse.justj.openjdk.hotspot.jre.full.win32.x86_64_17.0.5.v20221102-0933\jre\bin\VCRUNTIME140.dll
0x00007ff81aa50000 - 0x00007ff81aa67000 	C:\STS\sts-4.17.0.RELEASE\plugins\org.eclipse.justj.openjdk.hotspot.jre.full.win32.x86_64_17.0.5.v20221102-0933\jre\bin\jli.dll
0x00007ff82f710000 - 0x00007ff82f8b1000 	C:\WINDOWS\System32\USER32.dll
0x00007ff82e7a0000 - 0x00007ff82e7c2000 	C:\WINDOWS\System32\win32u.dll
0x00007ff82f980000 - 0x00007ff82f9ab000 	C:\WINDOWS\System32\GDI32.dll
0x00007ff82e360000 - 0x00007ff82e46f000 	C:\WINDOWS\System32\gdi32full.dll
0x00007ff82e700000 - 0x00007ff82e79d000 	C:\WINDOWS\System32\msvcp_win.dll
0x00007ff811280000 - 0x00007ff81151a000 	C:\WINDOWS\WinSxS\amd64_microsoft.windows.common-controls_6595b64144ccf1df_6.0.19041.1110_none_60b5254171f9507e\COMCTL32.dll
0x00007ff82fab0000 - 0x00007ff82fb4e000 	C:\WINDOWS\System32\msvcrt.dll
0x00007ff82fb50000 - 0x00007ff82fb82000 	C:\WINDOWS\System32\IMM32.DLL
0x00007ff826080000 - 0x00007ff82608c000 	C:\STS\sts-4.17.0.RELEASE\plugins\org.eclipse.justj.openjdk.hotspot.jre.full.win32.x86_64_17.0.5.v20221102-0933\jre\bin\vcruntime140_1.dll
0x00007ffff4bd0000 - 0x00007ffff4c61000 	C:\STS\sts-4.17.0.RELEASE\plugins\org.eclipse.justj.openjdk.hotspot.jre.full.win32.x86_64_17.0.5.v20221102-0933\jre\bin\msvcp140.dll
0x00007fffca430000 - 0x00007fffcb074000 	C:\STS\sts-4.17.0.RELEASE\plugins\org.eclipse.justj.openjdk.hotspot.jre.full.win32.x86_64_17.0.5.v20221102-0933\jre\bin\server\jvm.dll
0x00007ff82e7d0000 - 0x00007ff82e87e000 	C:\WINDOWS\System32\ADVAPI32.dll
0x00007ff82f670000 - 0x00007ff82f70c000 	C:\WINDOWS\System32\sechost.dll
0x00007ff82fd20000 - 0x00007ff82fe45000 	C:\WINDOWS\System32\RPCRT4.dll
0x00007ff822c20000 - 0x00007ff822c29000 	C:\WINDOWS\SYSTEM32\WSOCK32.dll
0x00007ff82fa40000 - 0x00007ff82faab000 	C:\WINDOWS\System32\WS2_32.dll
0x00007ff802ed0000 - 0x00007ff802ef7000 	C:\WINDOWS\SYSTEM32\WINMM.dll
0x00007ff820d90000 - 0x00007ff820d9a000 	C:\WINDOWS\SYSTEM32\VERSION.dll
0x00007ff82c6d0000 - 0x00007ff82c6e2000 	C:\WINDOWS\SYSTEM32\kernel.appcore.dll
0x00007ff825510000 - 0x00007ff82551a000 	C:\STS\sts-4.17.0.RELEASE\plugins\org.eclipse.justj.openjdk.hotspot.jre.full.win32.x86_64_17.0.5.v20221102-0933\jre\bin\jimage.dll
0x00007ff82c400000 - 0x00007ff82c5e4000 	C:\WINDOWS\SYSTEM32\DBGHELP.DLL
0x00007ff812d30000 - 0x00007ff812d65000 	C:\WINDOWS\SYSTEM32\dbgcore.DLL
0x00007ff82e260000 - 0x00007ff82e2e2000 	C:\WINDOWS\System32\bcryptPrimitives.dll
0x00007ff81a990000 - 0x00007ff81a9b5000 	C:\STS\sts-4.17.0.RELEASE\plugins\org.eclipse.justj.openjdk.hotspot.jre.full.win32.x86_64_17.0.5.v20221102-0933\jre\bin\java.dll
0x00007ff818d10000 - 0x00007ff818d28000 	C:\STS\sts-4.17.0.RELEASE\plugins\org.eclipse.justj.openjdk.hotspot.jre.full.win32.x86_64_17.0.5.v20221102-0933\jre\bin\zip.dll
0x00007ff82e890000 - 0x00007ff82efd4000 	C:\WINDOWS\System32\SHELL32.dll
0x00007ff82bb90000 - 0x00007ff82c322000 	C:\WINDOWS\SYSTEM32\windows.storage.dll
0x00007ff830320000 - 0x00007ff830675000 	C:\WINDOWS\System32\combase.dll
0x00007ff82d800000 - 0x00007ff82d830000 	C:\WINDOWS\SYSTEM32\Wldp.dll
0x00007ff82fe50000 - 0x00007ff82fefd000 	C:\WINDOWS\System32\SHCORE.dll
0x00007ff82fc00000 - 0x00007ff82fc55000 	C:\WINDOWS\System32\shlwapi.dll
0x00007ff82ddc0000 - 0x00007ff82dddf000 	C:\WINDOWS\SYSTEM32\profapi.dll
0x00007ff818cf0000 - 0x00007ff818d09000 	C:\STS\sts-4.17.0.RELEASE\plugins\org.eclipse.justj.openjdk.hotspot.jre.full.win32.x86_64_17.0.5.v20221102-0933\jre\bin\net.dll
0x00007ff81b5d0000 - 0x00007ff81b6dc000 	C:\WINDOWS\SYSTEM32\WINHTTP.dll
0x00007ff82d560000 - 0x00007ff82d5ca000 	C:\WINDOWS\system32\mswsock.dll
0x00007ff818cd0000 - 0x00007ff818ce5000 	C:\STS\sts-4.17.0.RELEASE\plugins\org.eclipse.justj.openjdk.hotspot.jre.full.win32.x86_64_17.0.5.v20221102-0933\jre\bin\nio.dll
0x00007ff8254b0000 - 0x00007ff8254b9000 	C:\STS\sts-4.17.0.RELEASE\plugins\org.eclipse.justj.openjdk.hotspot.jre.full.win32.x86_64_17.0.5.v20221102-0933\jre\bin\management.dll
0x00007ff8219d0000 - 0x00007ff8219db000 	C:\STS\sts-4.17.0.RELEASE\plugins\org.eclipse.justj.openjdk.hotspot.jre.full.win32.x86_64_17.0.5.v20221102-0933\jre\bin\management_ext.dll
0x00007ff82e880000 - 0x00007ff82e888000 	C:\WINDOWS\System32\PSAPI.DLL
0x00007ff808f50000 - 0x00007ff808f67000 	C:\WINDOWS\system32\napinsp.dll
0x00007ff808f30000 - 0x00007ff808f4b000 	C:\WINDOWS\system32\pnrpnsp.dll
0x00007ff824ca0000 - 0x00007ff824cb5000 	C:\WINDOWS\system32\wshbth.dll
0x00007ff8252d0000 - 0x00007ff8252ed000 	C:\WINDOWS\system32\NLAapi.dll
0x00007ff82d250000 - 0x00007ff82d28b000 	C:\WINDOWS\SYSTEM32\IPHLPAPI.DLL
0x00007ff82d290000 - 0x00007ff82d35a000 	C:\WINDOWS\SYSTEM32\DNSAPI.dll
0x00007ff82fb90000 - 0x00007ff82fb98000 	C:\WINDOWS\System32\NSI.dll
0x00007ff8086f0000 - 0x00007ff808702000 	C:\WINDOWS\System32\winrnr.dll
0x00007ff81f790000 - 0x00007ff81f79a000 	C:\Windows\System32\rasadhlp.dll
0x00007ff81ae00000 - 0x00007ff81ae80000 	C:\WINDOWS\System32\fwpuclnt.dll
0x00007ff82e620000 - 0x00007ff82e647000 	C:\WINDOWS\System32\bcrypt.dll
0x00007ff82d750000 - 0x00007ff82d768000 	C:\WINDOWS\SYSTEM32\CRYPTSP.dll
0x00007ff82ce80000 - 0x00007ff82ceb4000 	C:\WINDOWS\system32\rsaenh.dll
0x00007ff82dd40000 - 0x00007ff82dd6e000 	C:\WINDOWS\SYSTEM32\USERENV.dll
0x00007ff82d770000 - 0x00007ff82d77c000 	C:\WINDOWS\SYSTEM32\CRYPTBASE.dll
0x00007ff81fce0000 - 0x00007ff81fcf7000 	C:\WINDOWS\SYSTEM32\dhcpcsvc6.DLL
0x00007ff81fed0000 - 0x00007ff81feed000 	C:\WINDOWS\SYSTEM32\dhcpcsvc.DLL
0x00007ff8143a0000 - 0x00007ff8143ae000 	C:\STS\sts-4.17.0.RELEASE\plugins\org.eclipse.justj.openjdk.hotspot.jre.full.win32.x86_64_17.0.5.v20221102-0933\jre\bin\sunmscapi.dll
0x00007ff82e470000 - 0x00007ff82e5c6000 	C:\WINDOWS\System32\CRYPT32.dll
0x00007ff82d8e0000 - 0x00007ff82d907000 	C:\WINDOWS\SYSTEM32\ncrypt.dll
0x00007ff82d830000 - 0x00007ff82d86b000 	C:\WINDOWS\SYSTEM32\NTASN1.dll

dbghelp: loaded successfully - version: 4.0.5 - missing functions: none
symbol engine: initialized successfully - sym options: 0x614 - pdb path: .;C:\STS\sts-4.17.0.RELEASE\plugins\org.eclipse.justj.openjdk.hotspot.jre.full.win32.x86_64_17.0.5.v20221102-0933\jre\bin;C:\WINDOWS\SYSTEM32;C:\WINDOWS\WinSxS\amd64_microsoft.windows.common-controls_6595b64144ccf1df_6.0.19041.1110_none_60b5254171f9507e;C:\STS\sts-4.17.0.RELEASE\plugins\org.eclipse.justj.openjdk.hotspot.jre.full.win32.x86_64_17.0.5.v20221102-0933\jre\bin\server

VM Arguments:
jvm_args: -Dcom.sun.management.jmxremote -Dcom.sun.management.jmxremote.port=63334 -Dcom.sun.management.jmxremote.authenticate=false -Dcom.sun.management.jmxremote.ssl=false -Djava.rmi.server.hostname=localhost -Dspring.jmx.enabled=true -Dmanagement.endpoints.jmx.exposure.include=* -Dspring.application.admin.enabled=true -XX:TieredStopAtLevel=1 -Dspring.boot.project.name=workshopmongo -Dfile.encoding=UTF-8 -XX:+ShowCodeDetailsInExceptionMessages 
java_command: com.diegoloreran.workshopmongo.WorkshopmongoApplication --spring.output.ansi.enabled=always
java_class_path (initial): C:\ws-sts\workshopmongo\target\classes;C:\Users\diego\.m2\repository\org\springframework\boot\spring-boot-starter-web\3.0.1\spring-boot-starter-web-3.0.1.jar;C:\Users\diego\.m2\repository\org\springframework\boot\spring-boot-starter\3.0.1\spring-boot-starter-3.0.1.jar;C:\Users\diego\.m2\repository\org\springframework\boot\spring-boot\3.0.1\spring-boot-3.0.1.jar;C:\Users\diego\.m2\repository\org\springframework\boot\spring-boot-autoconfigure\3.0.1\spring-boot-autoconfigure-3.0.1.jar;C:\Users\diego\.m2\repository\org\springframework\boot\spring-boot-starter-logging\3.0.1\spring-boot-starter-logging-3.0.1.jar;C:\Users\diego\.m2\repository\ch\qos\logback\logback-classic\1.4.5\logback-classic-1.4.5.jar;C:\Users\diego\.m2\repository\ch\qos\logback\logback-core\1.4.5\logback-core-1.4.5.jar;C:\Users\diego\.m2\repository\org\apache\logging\log4j\log4j-to-slf4j\2.19.0\log4j-to-slf4j-2.19.0.jar;C:\Users\diego\.m2\repository\org\apache\logging\log4j\log4j-api\2.19.0\log4j-api-2.19.0.jar;C:\Users\diego\.m2\repository\org\slf4j\jul-to-slf4j\2.0.6\jul-to-slf4j-2.0.6.jar;C:\Users\diego\.m2\repository\jakarta\annotation\jakarta.annotation-api\2.1.1\jakarta.annotation-api-2.1.1.jar;C:\Users\diego\.m2\repository\org\yaml\snakeyaml\1.33\snakeyaml-1.33.jar;C:\Users\diego\.m2\repository\org\springframework\boot\spring-boot-starter-json\3.0.1\spring-boot-starter-json-3.0.1.jar;C:\Users\diego\.m2\repository\com\fasterxml\jackson\core\jackson-databind\2.14.1\jackson-databind-2.14.1.jar;C:\Users\diego\.m2\repository\com\fasterxml\jackson\core\jackson-annotations\2.14.1\jackson-annotations-2.14.1.jar;C:\Users\diego\.m2\repository\com\fasterxml\jackson\core\jackson-core\2.14.1\jackson-core-2.14.1.jar;C:\Users\diego\.m2\repository\com\fasterxml\jackson\datatype\jackson-datatype-jdk8\2.14.1\jackson-datatype-jdk8-2.14.1.jar;C:\Users\diego\.m2\repository\com\fasterxml\jackson\datatype\jackson-datatype-jsr310\2.14.1\jackson-datatype-jsr310-2.14.1.jar;C:\Users\diego\.m2\
Launcher Type: SUN_STANDARD

[Global flags]
     intx CICompilerCount                          = 3                                         {product} {ergonomic}
     uint ConcGCThreads                            = 1                                         {product} {ergonomic}
     uint G1ConcRefinementThreads                  = 4                                         {product} {ergonomic}
   size_t G1HeapRegionSize                         = 1048576                                   {product} {ergonomic}
    uintx GCDrainStackTargetSize                   = 64                                        {product} {ergonomic}
   size_t InitialHeapSize                          = 67108864                                  {product} {ergonomic}
     bool ManagementServer                         = true                                      {product} {command line}
   size_t MarkStackSize                            = 4194304                                   {product} {ergonomic}
   size_t MaxHeapSize                              = 1048576000                                {product} {ergonomic}
   size_t MaxNewSize                               = 629145600                                 {product} {ergonomic}
   size_t MinHeapDeltaBytes                        = 1048576                                   {product} {ergonomic}
   size_t MinHeapSize                              = 8388608                                   {product} {ergonomic}
    uintx NonProfiledCodeHeapSize                  = 0                                      {pd product} {ergonomic}
     bool ProfileInterpreter                       = false                                  {pd product} {command line}
    uintx ProfiledCodeHeapSize                     = 0                                      {pd product} {ergonomic}
     bool ShowCodeDetailsInExceptionMessages       = true                                   {manageable} {command line}
   size_t SoftMaxHeapSize                          = 1048576000                             {manageable} {ergonomic}
     intx TieredStopAtLevel                        = 1                                         {product} {command line}
     bool UseCompressedClassPointers               = true                           {product lp64_product} {ergonomic}
     bool UseCompressedOops                        = true                           {product lp64_product} {ergonomic}
     bool UseG1GC                                  = true                                      {product} {ergonomic}
     bool UseLargePagesIndividualAllocation        = false                                  {pd product} {ergonomic}

Logging:
Log output configuration:
 #0: stdout all=warning uptime,level,tags
 #1: stderr all=off uptime,level,tags

Environment Variables:
JAVA_HOME=C:\Program Files\Java\zulu17.38.21-ca-jdk17.0.5-win_x64
PATH=C:/STS/sts-4.17.0.RELEASE//plugins/org.eclipse.justj.openjdk.hotspot.jre.full.win32.x86_64_17.0.5.v20221102-0933/jre/bin/server;C:/STS/sts-4.17.0.RELEASE//plugins/org.eclipse.justj.openjdk.hotspot.jre.full.win32.x86_64_17.0.5.v20221102-0933/jre/bin;C:\Program Files\MongoDB\Server\6.0\bin;C:\Program Files\Common Files\Oracle\Java\javapath;C:\Program Files\Java\zulu17.38.21-ca-jdk17.0.5-win_x64\bin;C:\WINDOWS\system32;C:\WINDOWS;C:\WINDOWS\System32\Wbem;C:\WINDOWS\System32\WindowsPowerShell\v1.0\;C:\WINDOWS\System32\OpenSSH\;C:\Program Files\Git\cmd;C:\Program Files\MySQL\MySQL Shell 8.0\bin\;C:\Users\diego\AppData\Local\Microsoft\WindowsApps;;C:\Users\diego\AppData\Local\Programs\Microsoft VS Code\bin;C:\STS\sts-4.17.0.RELEASE;
USERNAME=diego
OS=Windows_NT
PROCESSOR_IDENTIFIER=Intel64 Family 6 Model 142 Stepping 9, GenuineIntel
TMP=C:\Users\diego\AppData\Local\Temp
TEMP=C:\Users\diego\AppData\Local\Temp



---------------  S Y S T E M  ---------------

OS:
 Windows 10 , 64 bit Build 19041 (10.0.19041.2364)
OS uptime: 10 days 18:25 hours

CPU: total 4 (initial active 4) (2 cores per cpu, 2 threads per core) family 6 model 142 stepping 9 microcode 0xf0, cx8, cmov, fxsr, ht, mmx, 3dnowpref, sse, sse2, sse3, ssse3, sse4.1, sse4.2, popcnt, lzcnt, tsc, tscinvbit, avx, avx2, aes, erms, clmul, bmi1, bmi2, adx, fma, vzeroupper, clflush, clflushopt

Memory: 4k page, system-wide physical 3996M (105M free)
TotalPageFile size 16284M (AvailPageFile size 0M)
current process WorkingSet (physical memory assigned to process): 136M, peak: 136M
current process commit charge ("private bytes"): 161M, peak: 161M

vm_info: OpenJDK 64-Bit Server VM (17.0.5+8) for windows-amd64 JRE (17.0.5+8), built on Oct 19 2022 04:48:13 by "temurin" with MS VC++ 16.7 (VS2019)

END.
